0 info it worked if it ends with ok
1 verbose cli [ 'C:\\Program Files (x86)\\nodejs\\\\node.exe',
1 verbose cli   'C:\\Program Files (x86)\\nodejs\\node_modules\\npm\\bin\\npm-cli.js',
1 verbose cli   'run',
1 verbose cli   'build-windows' ]
2 info using npm@1.4.28
3 info using node@v0.10.36
4 verbose node symlink C:\Program Files (x86)\nodejs\\node.exe
5 verbose run-script [ 'prebuild-windows', 'build-windows', 'postbuild-windows' ]
6 info prebuild-windows recapture-js@1.1.0
7 info build-windows recapture-js@1.1.0
8 verbose unsafe-perm in lifecycle true
9 info recapture-js@1.1.0 Failed to exec build-windows script
10 error recapture-js@1.1.0 build-windows: `set NODE_ENV=production&&webpack --progress --colors --profile --json > stats.json`
10 error Exit status 8
11 error Failed at the recapture-js@1.1.0 build-windows script.
11 error This is most likely a problem with the recapture-js package,
11 error not with npm itself.
11 error Tell the author that this fails on your system:
11 error     set NODE_ENV=production&&webpack --progress --colors --profile --json > stats.json
11 error You can get their info via:
11 error     npm owner ls recapture-js
11 error There is likely additional logging output above.
12 error System Windows_NT 6.2.9200
13 error command "C:\\Program Files (x86)\\nodejs\\\\node.exe" "C:\\Program Files (x86)\\nodejs\\node_modules\\npm\\bin\\npm-cli.js" "run" "build-windows"
14 error cwd C:\wamp\www\recapture-cdn-github
15 error node -v v0.10.36
16 error npm -v 1.4.28
17 error code ELIFECYCLE
18 verbose exit [ 1, true ]
